Using pre-set license
Built from '2020.3/staging' branch; Version is '2020.3.20f1 (41c4e627c95f) revision 4310246'; Using compiler version '192528614'; Build Type 'Release'
OS: 'Windows 10 Home; OS build 22000.434; Version 2009; 64bit' Language: 'fr' Physical Memory: 8036 MB
BatchMode: 1, IsHumanControllingUs: 0, StartBugReporterOnCrash: 0, Is64bit: 1, IsPro: 0

COMMAND LINE ARGUMENTS:
C:\Program Files\Unity\2020.3.20f1\Editor\Unity.exe
-adb2
-batchMode
-noUpm
-name
AssetImportWorker0
-projectPath
C:/Users/Utilisateur/Desktop/Unity/WorkSpace/GameJam_2022/GameJam/Crescendball
-logFile
Logs/AssetImportWorker0.log
-srvPort
50657
Successfully changed project path to: C:/Users/Utilisateur/Desktop/Unity/WorkSpace/GameJam_2022/GameJam/Crescendball
C:/Users/Utilisateur/Desktop/Unity/WorkSpace/GameJam_2022/GameJam/Crescendball
Using Asset Import Pipeline V2.
Refreshing native plugins compatible for Editor in 47.24 ms, found 3 plugins.
Preloading 0 native plugins for Editor in 0.00 ms.
Initialize engine version: 2020.3.20f1 (41c4e627c95f)
[Subsystems] Discovering subsystems at path C:/Program Files/Unity/2020.3.20f1/Editor/Data/Resources/UnitySubsystems
[Subsystems] Discovering subsystems at path C:/Users/Utilisateur/Desktop/Unity/WorkSpace/GameJam_2022/GameJam/Crescendball/Assets
GfxDevice: creating device client; threaded=0
Direct3D:
    Version:  Direct3D 11.0 [level 11.1]
    Renderer: NVIDIA GeForce GTX 1650 (ID=0x1f91)
    Vendor:   
    VRAM:     3962 MB
    Driver:   30.0.14.9676
Initialize mono
Mono path[0] = 'C:/Program Files/Unity/2020.3.20f1/Editor/Data/Managed'
Mono path[1] = 'C:/Program Files/Unity/2020.3.20f1/Editor/Data/MonoBleedingEdge/lib/mono/unityjit'
Mono config path = 'C:/Program Files/Unity/2020.3.20f1/Editor/Data/MonoBleedingEdge/etc'
Using monoOptions --debugger-agent=transport=dt_socket,embedding=1,server=y,suspend=n,address=127.0.0.1:56444
Begin MonoManager ReloadAssembly
Registering precompiled unity dll's ...
Register platform support module: C:/Program Files/Unity/2020.3.20f1/Editor/Data/PlaybackEngines/WebGLSupport/UnityEditor.WebGL.Extensions.dll
Register platform support module: C:/Program Files/Unity/2020.3.20f1/Editor/Data/PlaybackEngines/WindowsStandaloneSupport/UnityEditor.WindowsStandalone.Extensions.dll
Registered in 0.002596 seconds.
Native extension for WindowsStandalone target not found
Native extension for WebGL target not found
Refreshing native plugins compatible for Editor in 52.36 ms, found 3 plugins.
Preloading 0 native plugins for Editor in 0.00 ms.
Mono: successfully reloaded assembly
- Completed reload, in  1.308 seconds
Domain Reload Profiling:
	ReloadAssembly (1308ms)
		BeginReloadAssembly (48ms)
			ExecutionOrderSort (0ms)
			DisableScriptedObjects (0ms)
			BackupInstance (0ms)
			ReleaseScriptingObjects (0ms)
			CreateAndSetChildDomain (1ms)
		EndReloadAssembly (522ms)
			LoadAssemblies (47ms)
			RebuildTransferFunctionScriptingTraits (0ms)
			SetupTypeCache (223ms)
			ReleaseScriptCaches (0ms)
			RebuildScriptCaches (32ms)
			SetupLoadedEditorAssemblies (187ms)
				LogAssemblyErrors (0ms)
				InitializePlatformSupportModulesInManaged (6ms)
				SetLoadedEditorAssemblies (0ms)
				RefreshPlugins (52ms)
				BeforeProcessingInitializeOnLoad (18ms)
				ProcessInitializeOnLoadAttributes (81ms)
				ProcessInitializeOnLoadMethodAttributes (30ms)
				AfterProcessingInitializeOnLoad (0ms)
				EditorAssembliesLoaded (0ms)
			ExecutionOrderSort2 (0ms)
			AwakeInstancesAfterBackupRestoration (0ms)
Platform modules already initialized, skipping
Registering precompiled user dll's ...
Registered in 0.003351 seconds.
Begin MonoManager ReloadAssembly
Native extension for WindowsStandalone target not found
Native extension for WebGL target not found
Refreshing native plugins compatible for Editor in 50.79 ms, found 3 plugins.
Preloading 0 native plugins for Editor in 0.00 ms.
Mono: successfully reloaded assembly
- Completed reload, in  1.220 seconds
Domain Reload Profiling:
	ReloadAssembly (1221ms)
		BeginReloadAssembly (138ms)
			ExecutionOrderSort (0ms)
			DisableScriptedObjects (5ms)
			BackupInstance (0ms)
			ReleaseScriptingObjects (0ms)
			CreateAndSetChildDomain (19ms)
		EndReloadAssembly (1025ms)
			LoadAssemblies (90ms)
			RebuildTransferFunctionScriptingTraits (0ms)
			SetupTypeCache (296ms)
			ReleaseScriptCaches (0ms)
			RebuildScriptCaches (49ms)
			SetupLoadedEditorAssemblies (448ms)
				LogAssemblyErrors (0ms)
				InitializePlatformSupportModulesInManaged (5ms)
				SetLoadedEditorAssemblies (0ms)
				RefreshPlugins (51ms)
				BeforeProcessingInitializeOnLoad (87ms)
				ProcessInitializeOnLoadAttributes (281ms)
				ProcessInitializeOnLoadMethodAttributes (16ms)
				AfterProcessingInitializeOnLoad (7ms)
				EditorAssembliesLoaded (0ms)
			ExecutionOrderSort2 (0ms)
			AwakeInstancesAfterBackupRestoration (10ms)
Platform modules already initialized, skipping
========================================================================
Worker process is ready to serve import requests
Launched and connected shader compiler UnityShaderCompiler.exe after 0.12 seconds
Refreshing native plugins compatible for Editor in 0.94 ms, found 3 plugins.
Preloading 0 native plugins for Editor in 0.00 ms.
Unloading 2444 Unused Serialized files (Serialized files now loaded: 0)
System memory in use before: 108.3 MB.
System memory in use after: 108.5 MB.

Unloading 28 unused Assets to reduce memory usage. Loaded Objects now: 2884.
Total: 5.094700 ms (FindLiveObjects: 0.281100 ms CreateObjectMapping: 0.141300 ms MarkObjects: 4.564100 ms  DeleteObjects: 0.106700 ms)

AssetImportParameters requested are different than current active one (requested -> active):
  custom:framework-win-MediaFoundation: 216162199b28c13a410421893ffa2e32 -> 
  custom:video-decoder-ogg-theora: a1e56fd34408186e4bbccfd4996cb3dc -> 
  custom:container-muxer-webm: aa71ff27fc2769a1b78a27578f13a17b -> 
  custom:container-demuxer-webm: 4f35f7cbe854078d1ac9338744f61a02 -> 
  custom:container-demuxer-ogg: 62fdf1f143b41e24485cea50d1cbac27 -> 
  custom:video-encoder-webm-vp8: eb34c28f22e8b96e1ab97ce403110664 -> 
  custom:video-decoder-webm-vp8: 9c59270c3fd7afecdb556c50c9e8de78 -> 
  custom:audio-decoder-ogg-vorbis: bf7c407c2cedff20999df2af8eb42d56 -> 
  custom:audio-encoder-webm-vorbis: bf7c407c2cedff20999df2af8eb42d56 -> 
========================================================================
Received Import Request.
  path: Assets/Scripts/BallScript.cs
  artifactKey: Guid(041bf54fa414750438303acdadbd9fd9) Importer(815301076,1909f56bfc062723c751e8b465ee728b)
Start importing Assets/Scripts/BallScript.cs using Guid(041bf54fa414750438303acdadbd9fd9) Importer(815301076,1909f56bfc062723c751e8b465ee728b)  -> (artifact id: '02b002cf22234c0561f82a75ffd9415f') in 0.099818 seconds 
  Import took 0.104375 seconds .

========================================================================
Received Import Request.
  Time since last request: 91.055295 seconds.
  path: Assets/InputSystem.inputsettings.asset
  artifactKey: Guid(f12eecae37ee8ed41a93170761867a9f) Importer(815301076,1909f56bfc062723c751e8b465ee728b)
Start importing Assets/InputSystem.inputsettings.asset using Guid(f12eecae37ee8ed41a93170761867a9f) Importer(815301076,1909f56bfc062723c751e8b465ee728b)  -> (artifact id: '5535e0676c7ebaac1437e4705afacac8') in 0.052434 seconds 
  Import took 0.060233 seconds .

========================================================================
Received Import Request.
  Time since last request: 4.578607 seconds.
  path: Assets/Scenes/SceneSky.unity
  artifactKey: Guid(12123bc36b0c9e94e9452a07a28ca82b) Importer(815301076,1909f56bfc062723c751e8b465ee728b)
Start importing Assets/Scenes/SceneSky.unity using Guid(12123bc36b0c9e94e9452a07a28ca82b) Importer(815301076,1909f56bfc062723c751e8b465ee728b)  -> (artifact id: '22fc0a0aca407b55dc21c63021ff1dbc') in 0.014788 seconds 
  Import took 0.022028 seconds .

========================================================================
Received Prepare
Registering precompiled user dll's ...
Registered in 0.003048 seconds.
Begin MonoManager ReloadAssembly
Native extension for WindowsStandalone target not found
Native extension for WebGL target not found
Refreshing native plugins compatible for Editor in 0.48 ms, found 3 plugins.
Preloading 0 native plugins for Editor in 0.00 ms.
Mono: successfully reloaded assembly
- Completed reload, in  1.237 seconds
Domain Reload Profiling:
	ReloadAssembly (1239ms)
		BeginReloadAssembly (233ms)
			ExecutionOrderSort (0ms)
			DisableScriptedObjects (19ms)
			BackupInstance (0ms)
			ReleaseScriptingObjects (0ms)
			CreateAndSetChildDomain (106ms)
		EndReloadAssembly (939ms)
			LoadAssemblies (105ms)
			RebuildTransferFunctionScriptingTraits (0ms)
			SetupTypeCache (327ms)
			ReleaseScriptCaches (1ms)
			RebuildScriptCaches (47ms)
			SetupLoadedEditorAssemblies (358ms)
				LogAssemblyErrors (0ms)
				InitializePlatformSupportModulesInManaged (5ms)
				SetLoadedEditorAssemblies (1ms)
				RefreshPlugins (1ms)
				BeforeProcessingInitializeOnLoad (88ms)
				ProcessInitializeOnLoadAttributes (254ms)
				ProcessInitializeOnLoadMethodAttributes (5ms)
				AfterProcessingInitializeOnLoad (5ms)
				EditorAssembliesLoaded (0ms)
			ExecutionOrderSort2 (0ms)
			AwakeInstancesAfterBackupRestoration (9ms)
Platform modules already initialized, skipping
Refreshing native plugins compatible for Editor in 1.35 ms, found 3 plugins.
Preloading 0 native plugins for Editor in 0.00 ms.
Unloading 2420 Unused Serialized files (Serialized files now loaded: 0)
System memory in use before: 106.7 MB.
System memory in use after: 106.9 MB.

Unloading 14 unused Assets to reduce memory usage. Loaded Objects now: 2887.
Total: 6.178900 ms (FindLiveObjects: 0.746600 ms CreateObjectMapping: 0.231700 ms MarkObjects: 5.161900 ms  DeleteObjects: 0.033100 ms)

AssetImportParameters requested are different than current active one (requested -> active):
  custom:framework-win-MediaFoundation: 216162199b28c13a410421893ffa2e32 -> 
  custom:video-decoder-ogg-theora: a1e56fd34408186e4bbccfd4996cb3dc -> 
  custom:container-muxer-webm: aa71ff27fc2769a1b78a27578f13a17b -> 
  custom:container-demuxer-webm: 4f35f7cbe854078d1ac9338744f61a02 -> 
  custom:container-demuxer-ogg: 62fdf1f143b41e24485cea50d1cbac27 -> 
  custom:video-encoder-webm-vp8: eb34c28f22e8b96e1ab97ce403110664 -> 
  custom:video-decoder-webm-vp8: 9c59270c3fd7afecdb556c50c9e8de78 -> 
  custom:audio-decoder-ogg-vorbis: bf7c407c2cedff20999df2af8eb42d56 -> 
  custom:audio-encoder-webm-vorbis: bf7c407c2cedff20999df2af8eb42d56 -> 
========================================================================
Received Prepare
Registering precompiled user dll's ...
Registered in 0.002850 seconds.
Begin MonoManager ReloadAssembly
Native extension for WindowsStandalone target not found
Native extension for WebGL target not found
Refreshing native plugins compatible for Editor in 0.48 ms, found 3 plugins.
Preloading 0 native plugins for Editor in 0.00 ms.
Mono: successfully reloaded assembly
- Completed reload, in  1.063 seconds
Domain Reload Profiling:
	ReloadAssembly (1063ms)
		BeginReloadAssembly (116ms)
			ExecutionOrderSort (0ms)
			DisableScriptedObjects (8ms)
			BackupInstance (0ms)
			ReleaseScriptingObjects (0ms)
			CreateAndSetChildDomain (40ms)
		EndReloadAssembly (881ms)
			LoadAssemblies (83ms)
			RebuildTransferFunctionScriptingTraits (0ms)
			SetupTypeCache (315ms)
			ReleaseScriptCaches (1ms)
			RebuildScriptCaches (42ms)
			SetupLoadedEditorAssemblies (307ms)
				LogAssemblyErrors (0ms)
				InitializePlatformSupportModulesInManaged (5ms)
				SetLoadedEditorAssemblies (0ms)
				RefreshPlugins (1ms)
				BeforeProcessingInitializeOnLoad (78ms)
				ProcessInitializeOnLoadAttributes (212ms)
				ProcessInitializeOnLoadMethodAttributes (6ms)
				AfterProcessingInitializeOnLoad (4ms)
				EditorAssembliesLoaded (0ms)
			ExecutionOrderSort2 (0ms)
			AwakeInstancesAfterBackupRestoration (10ms)
Platform modules already initialized, skipping
Refreshing native plugins compatible for Editor in 0.48 ms, found 3 plugins.
Preloading 0 native plugins for Editor in 0.00 ms.
Unloading 2420 Unused Serialized files (Serialized files now loaded: 0)
System memory in use before: 106.8 MB.
System memory in use after: 107.0 MB.

Unloading 14 unused Assets to reduce memory usage. Loaded Objects now: 2890.
Total: 3.645300 ms (FindLiveObjects: 0.229000 ms CreateObjectMapping: 0.084000 ms MarkObjects: 3.283300 ms  DeleteObjects: 0.048300 ms)

AssetImportParameters requested are different than current active one (requested -> active):
  custom:framework-win-MediaFoundation: 216162199b28c13a410421893ffa2e32 -> 
  custom:video-decoder-ogg-theora: a1e56fd34408186e4bbccfd4996cb3dc -> 
  custom:container-muxer-webm: aa71ff27fc2769a1b78a27578f13a17b -> 
  custom:container-demuxer-webm: 4f35f7cbe854078d1ac9338744f61a02 -> 
  custom:container-demuxer-ogg: 62fdf1f143b41e24485cea50d1cbac27 -> 
  custom:video-encoder-webm-vp8: eb34c28f22e8b96e1ab97ce403110664 -> 
  custom:video-decoder-webm-vp8: 9c59270c3fd7afecdb556c50c9e8de78 -> 
  custom:audio-decoder-ogg-vorbis: bf7c407c2cedff20999df2af8eb42d56 -> 
  custom:audio-encoder-webm-vorbis: bf7c407c2cedff20999df2af8eb42d56 -> 
========================================================================
Received Prepare
Registering precompiled user dll's ...
Registered in 0.002906 seconds.
Begin MonoManager ReloadAssembly
Native extension for WindowsStandalone target not found
Native extension for WebGL target not found
Refreshing native plugins compatible for Editor in 0.49 ms, found 3 plugins.
Preloading 0 native plugins for Editor in 0.00 ms.
Mono: successfully reloaded assembly
- Completed reload, in  1.129 seconds
Domain Reload Profiling:
	ReloadAssembly (1130ms)
		BeginReloadAssembly (110ms)
			ExecutionOrderSort (0ms)
			DisableScriptedObjects (6ms)
			BackupInstance (0ms)
			ReleaseScriptingObjects (0ms)
			CreateAndSetChildDomain (37ms)
		EndReloadAssembly (957ms)
			LoadAssemblies (84ms)
			RebuildTransferFunctionScriptingTraits (0ms)
			SetupTypeCache (369ms)
			ReleaseScriptCaches (1ms)
			RebuildScriptCaches (50ms)
			SetupLoadedEditorAssemblies (336ms)
				LogAssemblyErrors (0ms)
				InitializePlatformSupportModulesInManaged (5ms)
				SetLoadedEditorAssemblies (0ms)
				RefreshPlugins (1ms)
				BeforeProcessingInitializeOnLoad (82ms)
				ProcessInitializeOnLoadAttributes (237ms)
				ProcessInitializeOnLoadMethodAttributes (5ms)
				AfterProcessingInitializeOnLoad (5ms)
				EditorAssembliesLoaded (0ms)
			ExecutionOrderSort2 (0ms)
			AwakeInstancesAfterBackupRestoration (10ms)
Platform modules already initialized, skipping
Refreshing native plugins compatible for Editor in 0.50 ms, found 3 plugins.
Preloading 0 native plugins for Editor in 0.00 ms.
Unloading 2420 Unused Serialized files (Serialized files now loaded: 0)
System memory in use before: 106.8 MB.
System memory in use after: 107.0 MB.

Unloading 14 unused Assets to reduce memory usage. Loaded Objects now: 2893.
Total: 3.644000 ms (FindLiveObjects: 0.252800 ms CreateObjectMapping: 0.105500 ms MarkObjects: 3.265700 ms  DeleteObjects: 0.019100 ms)

AssetImportParameters requested are different than current active one (requested -> active):
  custom:framework-win-MediaFoundation: 216162199b28c13a410421893ffa2e32 -> 
  custom:video-decoder-ogg-theora: a1e56fd34408186e4bbccfd4996cb3dc -> 
  custom:container-muxer-webm: aa71ff27fc2769a1b78a27578f13a17b -> 
  custom:container-demuxer-webm: 4f35f7cbe854078d1ac9338744f61a02 -> 
  custom:container-demuxer-ogg: 62fdf1f143b41e24485cea50d1cbac27 -> 
  custom:video-encoder-webm-vp8: eb34c28f22e8b96e1ab97ce403110664 -> 
  custom:video-decoder-webm-vp8: 9c59270c3fd7afecdb556c50c9e8de78 -> 
  custom:audio-decoder-ogg-vorbis: bf7c407c2cedff20999df2af8eb42d56 -> 
  custom:audio-encoder-webm-vorbis: bf7c407c2cedff20999df2af8eb42d56 -> 
========================================================================
Received Prepare
Registering precompiled user dll's ...
Registered in 0.003774 seconds.
Begin MonoManager ReloadAssembly
Native extension for WindowsStandalone target not found
Native extension for WebGL target not found
Refreshing native plugins compatible for Editor in 0.52 ms, found 3 plugins.
Preloading 0 native plugins for Editor in 0.00 ms.
Mono: successfully reloaded assembly
- Completed reload, in  1.133 seconds
Domain Reload Profiling:
	ReloadAssembly (1133ms)
		BeginReloadAssembly (126ms)
			ExecutionOrderSort (0ms)
			DisableScriptedObjects (8ms)
			BackupInstance (0ms)
			ReleaseScriptingObjects (0ms)
			CreateAndSetChildDomain (38ms)
		EndReloadAssembly (946ms)
			LoadAssemblies (90ms)
			RebuildTransferFunctionScriptingTraits (0ms)
			SetupTypeCache (317ms)
			ReleaseScriptCaches (1ms)
			RebuildScriptCaches (44ms)
			SetupLoadedEditorAssemblies (357ms)
				LogAssemblyErrors (0ms)
				InitializePlatformSupportModulesInManaged (5ms)
				SetLoadedEditorAssemblies (0ms)
				RefreshPlugins (1ms)
				BeforeProcessingInitializeOnLoad (84ms)
				ProcessInitializeOnLoadAttributes (258ms)
				ProcessInitializeOnLoadMethodAttributes (5ms)
				AfterProcessingInitializeOnLoad (4ms)
				EditorAssembliesLoaded (0ms)
			ExecutionOrderSort2 (0ms)
			AwakeInstancesAfterBackupRestoration (9ms)
Platform modules already initialized, skipping
Refreshing native plugins compatible for Editor in 0.48 ms, found 3 plugins.
Preloading 0 native plugins for Editor in 0.00 ms.
Unloading 2420 Unused Serialized files (Serialized files now loaded: 0)
System memory in use before: 106.8 MB.
System memory in use after: 107.0 MB.

Unloading 14 unused Assets to reduce memory usage. Loaded Objects now: 2896.
Total: 4.129000 ms (FindLiveObjects: 0.373400 ms CreateObjectMapping: 0.208900 ms MarkObjects: 3.521700 ms  DeleteObjects: 0.023500 ms)

AssetImportParameters requested are different than current active one (requested -> active):
  custom:framework-win-MediaFoundation: 216162199b28c13a410421893ffa2e32 -> 
  custom:video-decoder-ogg-theora: a1e56fd34408186e4bbccfd4996cb3dc -> 
  custom:container-muxer-webm: aa71ff27fc2769a1b78a27578f13a17b -> 
  custom:container-demuxer-webm: 4f35f7cbe854078d1ac9338744f61a02 -> 
  custom:container-demuxer-ogg: 62fdf1f143b41e24485cea50d1cbac27 -> 
  custom:video-encoder-webm-vp8: eb34c28f22e8b96e1ab97ce403110664 -> 
  custom:video-decoder-webm-vp8: 9c59270c3fd7afecdb556c50c9e8de78 -> 
  custom:audio-decoder-ogg-vorbis: bf7c407c2cedff20999df2af8eb42d56 -> 
  custom:audio-encoder-webm-vorbis: bf7c407c2cedff20999df2af8eb42d56 -> 
========================================================================
Received Import Request.
  Time since last request: 3213.711693 seconds.
  path: Assets/Prefabs/Ball.prefab
  artifactKey: Guid(6d4358d10562a4f428e0b961ca3e650f) Importer(815301076,1909f56bfc062723c751e8b465ee728b)
Start importing Assets/Prefabs/Ball.prefab using Guid(6d4358d10562a4f428e0b961ca3e650f) Importer(815301076,1909f56bfc062723c751e8b465ee728b)  -> (artifact id: '584be048ca034d864309e24e0ad6d771') in 1.180593 seconds 
  Import took 1.187326 seconds .

========================================================================
Received Import Request.
  Time since last request: 0.000452 seconds.
  path: Assets/Prefabs/Player.prefab
  artifactKey: Guid(ff4ce33c050337e4b9a00d46d23a7779) Importer(815301076,1909f56bfc062723c751e8b465ee728b)
Start importing Assets/Prefabs/Player.prefab using Guid(ff4ce33c050337e4b9a00d46d23a7779) Importer(815301076,1909f56bfc062723c751e8b465ee728b)  -> (artifact id: '0e6977469ac822d400a980c341f3cf00') in 0.077445 seconds 
  Import took 0.082547 seconds .

========================================================================
Received Import Request.
  Time since last request: 0.000240 seconds.
  path: Assets/Prefabs/Interface.prefab
  artifactKey: Guid(225a65cef255c17469ee0404253c027a) Importer(815301076,1909f56bfc062723c751e8b465ee728b)
Start importing Assets/Prefabs/Interface.prefab using Guid(225a65cef255c17469ee0404253c027a) Importer(815301076,1909f56bfc062723c751e8b465ee728b)  -> (artifact id: '0cc080276d5e9d65ed0ad9a77c2b1191') in 0.126054 seconds 
  Import took 0.130682 seconds .

========================================================================
Received Import Request.
  Time since last request: 2523.067436 seconds.
  path: Assets/Prefabs/Interface.prefab
  artifactKey: Guid(225a65cef255c17469ee0404253c027a) Importer(815301076,1909f56bfc062723c751e8b465ee728b)
Start importing Assets/Prefabs/Interface.prefab using Guid(225a65cef255c17469ee0404253c027a) Importer(815301076,1909f56bfc062723c751e8b465ee728b)  -> (artifact id: '72cb5c397a23c76731e297aef1af4ec2') in 0.033714 seconds 
  Import took 0.039937 seconds .

========================================================================
Received Import Request.
  Time since last request: 24.218063 seconds.
  path: Assets/Prefabs/Interface.prefab
  artifactKey: Guid(225a65cef255c17469ee0404253c027a) Importer(815301076,1909f56bfc062723c751e8b465ee728b)
Start importing Assets/Prefabs/Interface.prefab using Guid(225a65cef255c17469ee0404253c027a) Importer(815301076,1909f56bfc062723c751e8b465ee728b)  -> (artifact id: '0074b69d49547b25b6b9bd32d37fe293') in 0.033169 seconds 
  Import took 0.038779 seconds .

========================================================================
Received Import Request.
  Time since last request: 51.174940 seconds.
  path: Assets/Animation
  artifactKey: Guid(480c2d871e4d8e3418f59744597e09e5) Importer(815301076,1909f56bfc062723c751e8b465ee728b)
Start importing Assets/Animation using Guid(480c2d871e4d8e3418f59744597e09e5) Importer(815301076,1909f56bfc062723c751e8b465ee728b)  -> (artifact id: '260f16facb76bf75c9e16bc024272189') in 0.020866 seconds 
  Import took 0.029465 seconds .

========================================================================
Received Import Request.
  Time since last request: 23.304706 seconds.
  path: Assets/Animation/Interface
  artifactKey: Guid(38a5ca8bd899fd849b2e650aaf560477) Importer(815301076,1909f56bfc062723c751e8b465ee728b)
Start importing Assets/Animation/Interface using Guid(38a5ca8bd899fd849b2e650aaf560477) Importer(815301076,1909f56bfc062723c751e8b465ee728b)  -> (artifact id: '9f0706dd8047f05ace7f5b4e3615b3f4') in 0.007655 seconds 
  Import took 0.017831 seconds .

========================================================================
Received Import Request.
  Time since last request: 30.849526 seconds.
  path: Assets/Animation/Interface/InterfaceScore.anim
  artifactKey: Guid(5920195bb2e7a1a4dbc904a1d2df4143) Importer(815301076,1909f56bfc062723c751e8b465ee728b)
Start importing Assets/Animation/Interface/InterfaceScore.anim using Guid(5920195bb2e7a1a4dbc904a1d2df4143) Importer(815301076,1909f56bfc062723c751e8b465ee728b)  -> (artifact id: '3140e76eb6c01e01d0b0639d034584d1') in 0.017480 seconds 
  Import took 0.022006 seconds .

========================================================================
Received Import Request.
  Time since last request: 32.201698 seconds.
  path: Assets/Animation/Interface/InterfaceAnimator.controller
  artifactKey: Guid(d5a7f1fccaf728e4a84f462587932684) Importer(815301076,1909f56bfc062723c751e8b465ee728b)
Start importing Assets/Animation/Interface/InterfaceAnimator.controller using Guid(d5a7f1fccaf728e4a84f462587932684) Importer(815301076,1909f56bfc062723c751e8b465ee728b)  -> (artifact id: '097245f00d43ce0d5cb0ad37f41e1f50') in 0.019347 seconds 
  Import took 0.026306 seconds .

========================================================================
Received Import Request.
  Time since last request: 71.954685 seconds.
  path: Assets/Animation/Interface/InterfaceScoreAnimator.controller
  artifactKey: Guid(d5a7f1fccaf728e4a84f462587932684) Importer(815301076,1909f56bfc062723c751e8b465ee728b)
Start importing Assets/Animation/Interface/InterfaceScoreAnimator.controller using Guid(d5a7f1fccaf728e4a84f462587932684) Importer(815301076,1909f56bfc062723c751e8b465ee728b)  -> (artifact id: 'cb84d6d6543dfe572b2a40ff057cb29f') in 0.012502 seconds 
  Import took 0.017471 seconds .

========================================================================
Received Import Request.
  Time since last request: 21.024915 seconds.
  path: Assets/Animation/Interface/Score_Text.controller
  artifactKey: Guid(45f97a5116b29744cace5aafd4927ee5) Importer(815301076,1909f56bfc062723c751e8b465ee728b)
Start importing Assets/Animation/Interface/Score_Text.controller using Guid(45f97a5116b29744cace5aafd4927ee5) Importer(815301076,1909f56bfc062723c751e8b465ee728b)  -> (artifact id: 'aa0a9d44245c91f31cb4b8b7b588d4d7') in 0.016892 seconds 
  Import took 0.021959 seconds .

========================================================================
Received Import Request.
  Time since last request: 630.904735 seconds.
  path: Assets/TextMesh Pro/Examples & Extras/Resources/Fonts & Materials/Electronic Highway Sign SDF.asset
  artifactKey: Guid(dc36b3fdc14f47ebb36fd484a67e268a) Importer(815301076,1909f56bfc062723c751e8b465ee728b)
Start importing Assets/TextMesh Pro/Examples & Extras/Resources/Fonts & Materials/Electronic Highway Sign SDF.asset using Guid(dc36b3fdc14f47ebb36fd484a67e268a) Importer(815301076,1909f56bfc062723c751e8b465ee728b)  -> (artifact id: '429a83a5b0dab493fd2413297b30fdf1') in 0.159984 seconds 
  Import took 0.167300 seconds .

========================================================================
Received Import Request.
  Time since last request: 5.447246 seconds.
  path: Assets/TextMesh Pro/Examples & Extras/Resources/Fonts & Materials/Roboto-Bold SDF.asset
  artifactKey: Guid(5302535af1044152a457ed104f1f4b91) Importer(815301076,1909f56bfc062723c751e8b465ee728b)
Start importing Assets/TextMesh Pro/Examples & Extras/Resources/Fonts & Materials/Roboto-Bold SDF.asset using Guid(5302535af1044152a457ed104f1f4b91) Importer(815301076,1909f56bfc062723c751e8b465ee728b)  -> (artifact id: '03c59274799776af5eee4dbb75b0aa5f') in 0.028005 seconds 
  Import took 0.033207 seconds .

========================================================================
Received Import Request.
  Time since last request: 3.466221 seconds.
  path: Assets/TextMesh Pro/Examples & Extras/Resources/Fonts & Materials/Anton SDF.asset
  artifactKey: Guid(8a89fa14b10d46a99122fd4f73fca9a2) Importer(815301076,1909f56bfc062723c751e8b465ee728b)
Start importing Assets/TextMesh Pro/Examples & Extras/Resources/Fonts & Materials/Anton SDF.asset using Guid(8a89fa14b10d46a99122fd4f73fca9a2) Importer(815301076,1909f56bfc062723c751e8b465ee728b)  -> (artifact id: '712cec39fbc2a66fb796f2f4fc1eaa72') in 0.026441 seconds 
  Import took 0.031529 seconds .

========================================================================
Received Import Request.
  Time since last request: 1.787966 seconds.
  path: Assets/TextMesh Pro/Examples & Extras/Resources/Fonts & Materials/Bangers SDF.asset
  artifactKey: Guid(125cb55b44b24c4393181402bc6200e6) Importer(815301076,1909f56bfc062723c751e8b465ee728b)
Start importing Assets/TextMesh Pro/Examples & Extras/Resources/Fonts & Materials/Bangers SDF.asset using Guid(125cb55b44b24c4393181402bc6200e6) Importer(815301076,1909f56bfc062723c751e8b465ee728b)  -> (artifact id: 'ef29c4ca34d686f87dc8e17cf43b25fd') in 0.029420 seconds 
  Import took 0.034500 seconds .

========================================================================
Received Import Request.
  Time since last request: 2235.621969 seconds.
  path: Assets/TextMesh Pro/Resources/Fonts & Materials/LiberationSans SDF - Drop Shadow.mat
  artifactKey: Guid(e73a58f6e2794ae7b1b7e50b7fb811b0) Importer(815301076,1909f56bfc062723c751e8b465ee728b)
Start importing Assets/TextMesh Pro/Resources/Fonts & Materials/LiberationSans SDF - Drop Shadow.mat using Guid(e73a58f6e2794ae7b1b7e50b7fb811b0) Importer(815301076,1909f56bfc062723c751e8b465ee728b)  -> (artifact id: '482a362b8fe5ce36b302051eaf90a735') in 0.920385 seconds 
  Import took 0.960442 seconds .

========================================================================
Received Import Request.
  Time since last request: 0.000281 seconds.
  path: Assets/TextMesh Pro/Resources/Fonts & Materials/LiberationSans SDF - Outline.mat
  artifactKey: Guid(79459efec17a4d00a321bdcc27bbc385) Importer(815301076,1909f56bfc062723c751e8b465ee728b)
Start importing Assets/TextMesh Pro/Resources/Fonts & Materials/LiberationSans SDF - Outline.mat using Guid(79459efec17a4d00a321bdcc27bbc385) Importer(815301076,1909f56bfc062723c751e8b465ee728b)  -> (artifact id: '73bfc51c5222557aa47c55c3d1b82acd') in 0.047765 seconds 
  Import took 0.054902 seconds .

========================================================================
Received Import Request.
  Time since last request: 0.000298 seconds.
  path: Assets/TextMesh Pro/Resources/Fonts & Materials/LiberationSans SDF - Fallback.asset
  artifactKey: Guid(2e498d1c8094910479dc3e1b768306a4) Importer(815301076,1909f56bfc062723c751e8b465ee728b)
Start importing Assets/TextMesh Pro/Resources/Fonts & Materials/LiberationSans SDF - Fallback.asset using Guid(2e498d1c8094910479dc3e1b768306a4) Importer(815301076,1909f56bfc062723c751e8b465ee728b)  -> (artifact id: 'dfe2e4ed34f603ac0d66b50d4928d22e') in 0.042766 seconds 
  Import took 0.049034 seconds .

========================================================================
Received Import Request.
  Time since last request: 0.000278 seconds.
  path: Assets/TextMesh Pro/Resources/Fonts & Materials/LiberationSans SDF.asset
  artifactKey: Guid(8f586378b4e144a9851e7b34d9b748ee) Importer(815301076,1909f56bfc062723c751e8b465ee728b)
Start importing Assets/TextMesh Pro/Resources/Fonts & Materials/LiberationSans SDF.asset using Guid(8f586378b4e144a9851e7b34d9b748ee) Importer(815301076,1909f56bfc062723c751e8b465ee728b)  -> (artifact id: 'd7964bfde768d050d697ed25354c7780') in 0.059180 seconds 
  Import took 0.064399 seconds .

========================================================================
Received Import Request.
  Time since last request: 22.967719 seconds.
  path: Assets/Graphs
  artifactKey: Guid(d6fe7c055a70c9542a9989adcfa1b835) Importer(815301076,1909f56bfc062723c751e8b465ee728b)
Start importing Assets/Graphs using Guid(d6fe7c055a70c9542a9989adcfa1b835) Importer(815301076,1909f56bfc062723c751e8b465ee728b)  -> (artifact id: '45ec59b205ce0e31fcd0fa3bff69007c') in 0.015230 seconds 
  Import took 0.019483 seconds .

========================================================================
Received Import Request.
  Time since last request: 0.045229 seconds.
  path: Assets/Graphs/red-sticker-arrow-3.png
  artifactKey: Guid(15ad5aacf6131a3429e2a129be484f22) Importer(815301076,1909f56bfc062723c751e8b465ee728b)
Start importing Assets/Graphs/red-sticker-arrow-3.png using Guid(15ad5aacf6131a3429e2a129be484f22) Importer(815301076,1909f56bfc062723c751e8b465ee728b)  -> (artifact id: '4046639f36336eddcff9e8f78f2e53ed') in 0.537691 seconds 
  Import took 0.541849 seconds .

========================================================================
Received Import Request.
  Time since last request: 1.840274 seconds.
  path: Assets/Graphs/Animation
  artifactKey: Guid(8cf55cc785762c44095a36ad80c7c6df) Importer(815301076,1909f56bfc062723c751e8b465ee728b)
Start importing Assets/Graphs/Animation using Guid(8cf55cc785762c44095a36ad80c7c6df) Importer(815301076,1909f56bfc062723c751e8b465ee728b)  -> (artifact id: '2e17df524ac0cd97eae928ad79b1acc6') in 0.009573 seconds 
  Import took 0.017632 seconds .

========================================================================
Received Import Request.
  Time since last request: 51.004061 seconds.
  path: Assets/Animation/Interface/Multiplicateur.anim
  artifactKey: Guid(8267171e7d719f04f8fcf6762f1def80) Importer(815301076,1909f56bfc062723c751e8b465ee728b)
Start importing Assets/Animation/Interface/Multiplicateur.anim using Guid(8267171e7d719f04f8fcf6762f1def80) Importer(815301076,1909f56bfc062723c751e8b465ee728b)  -> (artifact id: 'ef0d57f53243b1db2b3313f636ff0ba2') in 0.012192 seconds 
  Import took 0.018321 seconds .

========================================================================
Received Import Request.
  Time since last request: 225.077391 seconds.
  path: Assets/Animation/Interface/Mul_9.anim
  artifactKey: Guid(6086f7a019ce5584dbb33fef697781d0) Importer(815301076,1909f56bfc062723c751e8b465ee728b)
Start importing Assets/Animation/Interface/Mul_9.anim using Guid(6086f7a019ce5584dbb33fef697781d0) Importer(815301076,1909f56bfc062723c751e8b465ee728b)  -> (artifact id: '2df49e85d05113926b9343e1109d5ea2') in 0.015783 seconds 
  Import took 0.021365 seconds .

========================================================================
Received Import Request.
  Time since last request: 100.822545 seconds.
  path: Assets/Animation/Interface/Mult_1.anim
  artifactKey: Guid(6bf8d94b1f372594185f7d2c2f575198) Importer(815301076,1909f56bfc062723c751e8b465ee728b)
Start importing Assets/Animation/Interface/Mult_1.anim using Guid(6bf8d94b1f372594185f7d2c2f575198) Importer(815301076,1909f56bfc062723c751e8b465ee728b)  -> (artifact id: 'ab841b3826ad5f6784da254e475828fb') in 0.013007 seconds 
  Import took 0.018732 seconds .

========================================================================
Received Import Request.
  Time since last request: 268.361569 seconds.
  path: Assets/Animation/Interface/Mult_Text.controller
  artifactKey: Guid(2b74eeac69f2361468a67b0cf5aa871b) Importer(815301076,1909f56bfc062723c751e8b465ee728b)
Start importing Assets/Animation/Interface/Mult_Text.controller using Guid(2b74eeac69f2361468a67b0cf5aa871b) Importer(815301076,1909f56bfc062723c751e8b465ee728b)  -> (artifact id: '38d75ba51749be90249aa1a595707cd9') in 0.011690 seconds 
  Import took 0.017837 seconds .

========================================================================
Received Import Request.
  Time since last request: 57.576028 seconds.
  path: Assets/Animation/Interface/InterfaceScore.anim
  artifactKey: Guid(5920195bb2e7a1a4dbc904a1d2df4143) Importer(815301076,1909f56bfc062723c751e8b465ee728b)
Start importing Assets/Animation/Interface/InterfaceScore.anim using Guid(5920195bb2e7a1a4dbc904a1d2df4143) Importer(815301076,1909f56bfc062723c751e8b465ee728b)  -> (artifact id: '303e8bb4c079fc6f150555c19029f252') in 0.017660 seconds 
  Import took 0.033583 seconds .

========================================================================
Received Import Request.
  Time since last request: 9.296390 seconds.
  path: Assets/Animation/Interface/ScoreIdle.anim
  artifactKey: Guid(e1ac3f2b1f166e249b8f7284b08e82d4) Importer(815301076,1909f56bfc062723c751e8b465ee728b)
Start importing Assets/Animation/Interface/ScoreIdle.anim using Guid(e1ac3f2b1f166e249b8f7284b08e82d4) Importer(815301076,1909f56bfc062723c751e8b465ee728b)  -> (artifact id: '5210f7fb5aa65e8ebe4b4e7aeeb0120e') in 0.011984 seconds 
  Import took 0.016263 seconds .

========================================================================
Received Import Request.
  Time since last request: 10.505115 seconds.
  path: Assets/Animation/Interface/Mult_0.anim
  artifactKey: Guid(3592de7cf9758aa4e91082e258340d98) Importer(815301076,1909f56bfc062723c751e8b465ee728b)
Start importing Assets/Animation/Interface/Mult_0.anim using Guid(3592de7cf9758aa4e91082e258340d98) Importer(815301076,1909f56bfc062723c751e8b465ee728b)  -> (artifact id: '9d0d5f830a255c008b9e2d5e85e4a268') in 0.020095 seconds 
  Import took 0.027042 seconds .

========================================================================
Received Prepare
Registering precompiled user dll's ...
Registered in 0.005463 seconds.
Begin MonoManager ReloadAssembly
Native extension for WindowsStandalone target not found
Native extension for WebGL target not found
Refreshing native plugins compatible for Editor in 0.49 ms, found 3 plugins.
Preloading 0 native plugins for Editor in 0.00 ms.
Mono: successfully reloaded assembly
- Completed reload, in  1.504 seconds
Domain Reload Profiling:
	ReloadAssembly (1506ms)
		BeginReloadAssembly (434ms)
			ExecutionOrderSort (0ms)
			DisableScriptedObjects (14ms)
			BackupInstance (0ms)
			ReleaseScriptingObjects (0ms)
			CreateAndSetChildDomain (114ms)
		EndReloadAssembly (1001ms)
			LoadAssemblies (326ms)
			RebuildTransferFunctionScriptingTraits (0ms)
			SetupTypeCache (315ms)
			ReleaseScriptCaches (1ms)
			RebuildScriptCaches (41ms)
			SetupLoadedEditorAssemblies (312ms)
				LogAssemblyErrors (0ms)
				InitializePlatformSupportModulesInManaged (6ms)
				SetLoadedEditorAssemblies (1ms)
				RefreshPlugins (1ms)
				BeforeProcessingInitializeOnLoad (75ms)
				ProcessInitializeOnLoadAttributes (222ms)
				ProcessInitializeOnLoadMethodAttributes (5ms)
				AfterProcessingInitializeOnLoad (5ms)
				EditorAssembliesLoaded (0ms)
			ExecutionOrderSort2 (0ms)
			AwakeInstancesAfterBackupRestoration (9ms)
Platform modules already initialized, skipping
Refreshing native plugins compatible for Editor in 0.48 ms, found 3 plugins.
Preloading 0 native plugins for Editor in 0.00 ms.
Unloading 2420 Unused Serialized files (Serialized files now loaded: 0)
System memory in use before: 110.1 MB.
System memory in use after: 110.3 MB.

Unloading 16 unused Assets to reduce memory usage. Loaded Objects now: 2945.
Total: 3.561200 ms (FindLiveObjects: 0.246200 ms CreateObjectMapping: 0.195400 ms MarkObjects: 3.021500 ms  DeleteObjects: 0.097000 ms)

AssetImportParameters requested are different than current active one (requested -> active):
  custom:framework-win-MediaFoundation: 216162199b28c13a410421893ffa2e32 -> 
  custom:video-decoder-ogg-theora: a1e56fd34408186e4bbccfd4996cb3dc -> 
  custom:container-muxer-webm: aa71ff27fc2769a1b78a27578f13a17b -> 
  custom:container-demuxer-webm: 4f35f7cbe854078d1ac9338744f61a02 -> 
  custom:container-demuxer-ogg: 62fdf1f143b41e24485cea50d1cbac27 -> 
  custom:video-encoder-webm-vp8: eb34c28f22e8b96e1ab97ce403110664 -> 
  custom:video-decoder-webm-vp8: 9c59270c3fd7afecdb556c50c9e8de78 -> 
  custom:audio-decoder-ogg-vorbis: bf7c407c2cedff20999df2af8eb42d56 -> 
  custom:audio-encoder-webm-vorbis: bf7c407c2cedff20999df2af8eb42d56 -> 
========================================================================
Received Import Request.
  Time since last request: 97.189116 seconds.
  path: Assets/Scripts
  artifactKey: Guid(add4fb6545339cd4eaac9f54c1825beb) Importer(815301076,1909f56bfc062723c751e8b465ee728b)
Start importing Assets/Scripts using Guid(add4fb6545339cd4eaac9f54c1825beb) Importer(815301076,1909f56bfc062723c751e8b465ee728b)  -> (artifact id: '83e675785a9efbe09b9179c00ee74e5b') in 0.018223 seconds 
  Import took 0.023657 seconds .

========================================================================
Received Import Request.
  Time since last request: 0.736298 seconds.
  path: Assets/Scripts/Manager
  artifactKey: Guid(bec620769522d4345ae497f9c3b3771a) Importer(815301076,1909f56bfc062723c751e8b465ee728b)
Start importing Assets/Scripts/Manager using Guid(bec620769522d4345ae497f9c3b3771a) Importer(815301076,1909f56bfc062723c751e8b465ee728b)  -> (artifact id: '40d33efdd74de26f17b92c5918542426') in 0.010650 seconds 
  Import took 0.014884 seconds .

========================================================================
Received Import Request.
  Time since last request: 0.936990 seconds.
  path: Assets/Scripts/Manager/GameManager.cs
  artifactKey: Guid(e4b44171522814d4eb1d1d8c7ce9a30b) Importer(815301076,1909f56bfc062723c751e8b465ee728b)
Start importing Assets/Scripts/Manager/GameManager.cs using Guid(e4b44171522814d4eb1d1d8c7ce9a30b) Importer(815301076,1909f56bfc062723c751e8b465ee728b)  -> (artifact id: '1e2a0b0e7a5670a65b9ad0b4fb6b8af6') in 0.009665 seconds 
  Import took 0.014686 seconds .

========================================================================
Received Import Request.
  Time since last request: 78.327067 seconds.
  path: Assets/Scripts/Manager/GameManager.cs
  artifactKey: Guid(e4b44171522814d4eb1d1d8c7ce9a30b) Importer(815301076,1909f56bfc062723c751e8b465ee728b)
Start importing Assets/Scripts/Manager/GameManager.cs using Guid(e4b44171522814d4eb1d1d8c7ce9a30b) Importer(815301076,1909f56bfc062723c751e8b465ee728b)  -> (artifact id: 'c2cc77b5ca9ed3cb2e93075c4fbe254b') in 0.004897 seconds 
  Import took 0.010154 seconds .

========================================================================
Received Import Request.
  Time since last request: 97.159410 seconds.
  path: Assets/Scripts/Manager/GameManager.cs
  artifactKey: Guid(e4b44171522814d4eb1d1d8c7ce9a30b) Importer(815301076,1909f56bfc062723c751e8b465ee728b)
Start importing Assets/Scripts/Manager/GameManager.cs using Guid(e4b44171522814d4eb1d1d8c7ce9a30b) Importer(815301076,1909f56bfc062723c751e8b465ee728b)  -> (artifact id: 'c34efe355ccb55a09558ece64a4d6123') in 0.009662 seconds 
  Import took 0.016224 seconds .

========================================================================
Received Import Request.
  Time since last request: 18.531746 seconds.
  path: Assets/Scripts/Manager/GameManager.cs
  artifactKey: Guid(e4b44171522814d4eb1d1d8c7ce9a30b) Importer(815301076,1909f56bfc062723c751e8b465ee728b)
Start importing Assets/Scripts/Manager/GameManager.cs using Guid(e4b44171522814d4eb1d1d8c7ce9a30b) Importer(815301076,1909f56bfc062723c751e8b465ee728b)  -> (artifact id: '7cee52089a9f7aad2e96304e9726f3b3') in 0.005562 seconds 
  Import took 0.010066 seconds .

========================================================================
Received Prepare
Registering precompiled user dll's ...
Registered in 0.005166 seconds.
Begin MonoManager ReloadAssembly
Native extension for WindowsStandalone target not found
Native extension for WebGL target not found
Refreshing native plugins compatible for Editor in 2.04 ms, found 3 plugins.
Preloading 0 native plugins for Editor in 0.00 ms.
Mono: successfully reloaded assembly
- Completed reload, in  1.312 seconds
Domain Reload Profiling:
	ReloadAssembly (1312ms)
		BeginReloadAssembly (155ms)
			ExecutionOrderSort (0ms)
			DisableScriptedObjects (7ms)
			BackupInstance (0ms)
			ReleaseScriptingObjects (0ms)
			CreateAndSetChildDomain (45ms)
		EndReloadAssembly (1096ms)
			LoadAssemblies (129ms)
			RebuildTransferFunctionScriptingTraits (0ms)
			SetupTypeCache (294ms)
			ReleaseScriptCaches (1ms)
			RebuildScriptCaches (41ms)
			SetupLoadedEditorAssemblies (374ms)
				LogAssemblyErrors (0ms)
				InitializePlatformSupportModulesInManaged (10ms)
				SetLoadedEditorAssemblies (1ms)
				RefreshPlugins (2ms)
				BeforeProcessingInitializeOnLoad (113ms)
				ProcessInitializeOnLoadAttributes (239ms)
				ProcessInitializeOnLoadMethodAttributes (5ms)
				AfterProcessingInitializeOnLoad (5ms)
				EditorAssembliesLoaded (0ms)
			ExecutionOrderSort2 (0ms)
			AwakeInstancesAfterBackupRestoration (10ms)
Platform modules already initialized, skipping
Refreshing native plugins compatible for Editor in 0.51 ms, found 3 plugins.
Preloading 0 native plugins for Editor in 0.00 ms.
Unloading 2420 Unused Serialized files (Serialized files now loaded: 0)
System memory in use before: 110.2 MB.
System memory in use after: 110.4 MB.

Unloading 14 unused Assets to reduce memory usage. Loaded Objects now: 2948.
Total: 3.235100 ms (FindLiveObjects: 0.240200 ms CreateObjectMapping: 0.095500 ms MarkObjects: 2.882000 ms  DeleteObjects: 0.016500 ms)

AssetImportParameters requested are different than current active one (requested -> active):
  custom:framework-win-MediaFoundation: 216162199b28c13a410421893ffa2e32 -> 
  custom:video-decoder-ogg-theora: a1e56fd34408186e4bbccfd4996cb3dc -> 
  custom:container-muxer-webm: aa71ff27fc2769a1b78a27578f13a17b -> 
  custom:container-demuxer-webm: 4f35f7cbe854078d1ac9338744f61a02 -> 
  custom:container-demuxer-ogg: 62fdf1f143b41e24485cea50d1cbac27 -> 
  custom:video-encoder-webm-vp8: eb34c28f22e8b96e1ab97ce403110664 -> 
  custom:video-decoder-webm-vp8: 9c59270c3fd7afecdb556c50c9e8de78 -> 
  custom:audio-decoder-ogg-vorbis: bf7c407c2cedff20999df2af8eb42d56 -> 
  custom:audio-encoder-webm-vorbis: bf7c407c2cedff20999df2af8eb42d56 -> 
========================================================================
Received Import Request.
  Time since last request: 114.153471 seconds.
  path: Assets/Scripts/Manager/UIManager.cs
  artifactKey: Guid(843dd2a55554f134abc10c5d544381f8) Importer(815301076,1909f56bfc062723c751e8b465ee728b)
Start importing Assets/Scripts/Manager/UIManager.cs using Guid(843dd2a55554f134abc10c5d544381f8) Importer(815301076,1909f56bfc062723c751e8b465ee728b)  -> (artifact id: '9a6b2355e7643cde1a24650d169ded62') in 0.015924 seconds 
  Import took 0.020381 seconds .

========================================================================
Received Import Request.
  Time since last request: 67.589838 seconds.
  path: Assets/Scripts/Manager/UIManager.cs
  artifactKey: Guid(843dd2a55554f134abc10c5d544381f8) Importer(815301076,1909f56bfc062723c751e8b465ee728b)
Start importing Assets/Scripts/Manager/UIManager.cs using Guid(843dd2a55554f134abc10c5d544381f8) Importer(815301076,1909f56bfc062723c751e8b465ee728b)  -> (artifact id: '316060e4161d93856a88c70e0d91d43e') in 0.003811 seconds 
  Import took 0.008012 seconds .

========================================================================
Received Import Request.
  Time since last request: 20.301009 seconds.
  path: Assets/Scripts/Manager/UIManager.cs
  artifactKey: Guid(843dd2a55554f134abc10c5d544381f8) Importer(815301076,1909f56bfc062723c751e8b465ee728b)
Start importing Assets/Scripts/Manager/UIManager.cs using Guid(843dd2a55554f134abc10c5d544381f8) Importer(815301076,1909f56bfc062723c751e8b465ee728b)  -> (artifact id: 'd455345f32fdc16e58977589c0065979') in 0.003395 seconds 
  Import took 0.008190 seconds .

========================================================================
Received Import Request.
  Time since last request: 22.991677 seconds.
  path: Assets/Scripts/Manager/UIManager.cs
  artifactKey: Guid(843dd2a55554f134abc10c5d544381f8) Importer(815301076,1909f56bfc062723c751e8b465ee728b)
Start importing Assets/Scripts/Manager/UIManager.cs using Guid(843dd2a55554f134abc10c5d544381f8) Importer(815301076,1909f56bfc062723c751e8b465ee728b)  -> (artifact id: 'ae25e1be79cee1257ba9ae2c56f52eb9') in 0.003910 seconds 
  Import took 0.009881 seconds .

========================================================================
Received Prepare
Registering precompiled user dll's ...
Registered in 0.002963 seconds.
Begin MonoManager ReloadAssembly
Native extension for WindowsStandalone target not found
Native extension for WebGL target not found
Refreshing native plugins compatible for Editor in 0.68 ms, found 3 plugins.
Preloading 0 native plugins for Editor in 0.00 ms.
Mono: successfully reloaded assembly
- Completed reload, in  1.515 seconds
Domain Reload Profiling:
	ReloadAssembly (1516ms)
		BeginReloadAssembly (204ms)
			ExecutionOrderSort (0ms)
			DisableScriptedObjects (7ms)
			BackupInstance (0ms)
			ReleaseScriptingObjects (0ms)
			CreateAndSetChildDomain (39ms)
		EndReloadAssembly (1190ms)
			LoadAssemblies (223ms)
			RebuildTransferFunctionScriptingTraits (0ms)
			SetupTypeCache (435ms)
			ReleaseScriptCaches (1ms)
			RebuildScriptCaches (41ms)
			SetupLoadedEditorAssemblies (429ms)
				LogAssemblyErrors (0ms)
				InitializePlatformSupportModulesInManaged (5ms)
				SetLoadedEditorAssemblies (1ms)
				RefreshPlugins (1ms)
				BeforeProcessingInitializeOnLoad (79ms)
				ProcessInitializeOnLoadAttributes (332ms)
				ProcessInitializeOnLoadMethodAttributes (5ms)
				AfterProcessingInitializeOnLoad (5ms)
				EditorAssembliesLoaded (0ms)
			ExecutionOrderSort2 (0ms)
			AwakeInstancesAfterBackupRestoration (15ms)
Platform modules already initialized, skipping
Refreshing native plugins compatible for Editor in 0.49 ms, found 3 plugins.
Preloading 0 native plugins for Editor in 0.00 ms.
Unloading 2422 Unused Serialized files (Serialized files now loaded: 0)
System memory in use before: 110.2 MB.
System memory in use after: 110.4 MB.

Unloading 14 unused Assets to reduce memory usage. Loaded Objects now: 2953.
Total: 3.664000 ms (FindLiveObjects: 0.247400 ms CreateObjectMapping: 0.103900 ms MarkObjects: 3.294900 ms  DeleteObjects: 0.016900 ms)

AssetImportParameters requested are different than current active one (requested -> active):
  custom:framework-win-MediaFoundation: 216162199b28c13a410421893ffa2e32 -> 
  custom:video-decoder-ogg-theora: a1e56fd34408186e4bbccfd4996cb3dc -> 
  custom:container-muxer-webm: aa71ff27fc2769a1b78a27578f13a17b -> 
  custom:container-demuxer-webm: 4f35f7cbe854078d1ac9338744f61a02 -> 
  custom:container-demuxer-ogg: 62fdf1f143b41e24485cea50d1cbac27 -> 
  custom:video-encoder-webm-vp8: eb34c28f22e8b96e1ab97ce403110664 -> 
  custom:video-decoder-webm-vp8: 9c59270c3fd7afecdb556c50c9e8de78 -> 
  custom:audio-decoder-ogg-vorbis: bf7c407c2cedff20999df2af8eb42d56 -> 
  custom:audio-encoder-webm-vorbis: bf7c407c2cedff20999df2af8eb42d56 -> 
========================================================================
Received Import Request.
  Time since last request: 685.705726 seconds.
  path: Assets/Scripts/Manager/UIManager.cs
  artifactKey: Guid(843dd2a55554f134abc10c5d544381f8) Importer(815301076,1909f56bfc062723c751e8b465ee728b)
Start importing Assets/Scripts/Manager/UIManager.cs using Guid(843dd2a55554f134abc10c5d544381f8) Importer(815301076,1909f56bfc062723c751e8b465ee728b)  -> (artifact id: 'bd3b9d9efc254057f356cfde16a252ad') in 0.008955 seconds 
  Import took 0.014679 seconds .

========================================================================
Received Prepare
Registering precompiled user dll's ...
Registered in 0.003183 seconds.
Begin MonoManager ReloadAssembly
Native extension for WindowsStandalone target not found
Native extension for WebGL target not found
Refreshing native plugins compatible for Editor in 0.47 ms, found 3 plugins.
Preloading 0 native plugins for Editor in 0.00 ms.
Mono: successfully reloaded assembly
- Completed reload, in  1.032 seconds
Domain Reload Profiling:
	ReloadAssembly (1032ms)
		BeginReloadAssembly (113ms)
			ExecutionOrderSort (0ms)
			DisableScriptedObjects (7ms)
			BackupInstance (0ms)
			ReleaseScriptingObjects (0ms)
			CreateAndSetChildDomain (32ms)
		EndReloadAssembly (862ms)
			LoadAssemblies (83ms)
			RebuildTransferFunctionScriptingTraits (0ms)
			SetupTypeCache (281ms)
			ReleaseScriptCaches (1ms)
			RebuildScriptCaches (41ms)
			SetupLoadedEditorAssemblies (341ms)
				LogAssemblyErrors (0ms)
				InitializePlatformSupportModulesInManaged (5ms)
				SetLoadedEditorAssemblies (0ms)
				RefreshPlugins (1ms)
				BeforeProcessingInitializeOnLoad (72ms)
				ProcessInitializeOnLoadAttributes (254ms)
				ProcessInitializeOnLoadMethodAttributes (5ms)
				AfterProcessingInitializeOnLoad (5ms)
				EditorAssembliesLoaded (0ms)
			ExecutionOrderSort2 (0ms)
			AwakeInstancesAfterBackupRestoration (10ms)
Platform modules already initialized, skipping
Refreshing native plugins compatible for Editor in 0.49 ms, found 3 plugins.
Preloading 0 native plugins for Editor in 0.00 ms.
Unloading 2422 Unused Serialized files (Serialized files now loaded: 0)
System memory in use before: 110.3 MB.
System memory in use after: 110.5 MB.

Unloading 14 unused Assets to reduce memory usage. Loaded Objects now: 2956.
Total: 3.612400 ms (FindLiveObjects: 0.225400 ms CreateObjectMapping: 0.082500 ms MarkObjects: 3.258000 ms  DeleteObjects: 0.045500 ms)

AssetImportParameters requested are different than current active one (requested -> active):
  custom:framework-win-MediaFoundation: 216162199b28c13a410421893ffa2e32 -> 
  custom:video-decoder-ogg-theora: a1e56fd34408186e4bbccfd4996cb3dc -> 
  custom:container-muxer-webm: aa71ff27fc2769a1b78a27578f13a17b -> 
  custom:container-demuxer-webm: 4f35f7cbe854078d1ac9338744f61a02 -> 
  custom:container-demuxer-ogg: 62fdf1f143b41e24485cea50d1cbac27 -> 
  custom:video-encoder-webm-vp8: eb34c28f22e8b96e1ab97ce403110664 -> 
  custom:video-decoder-webm-vp8: 9c59270c3fd7afecdb556c50c9e8de78 -> 
  custom:audio-decoder-ogg-vorbis: bf7c407c2cedff20999df2af8eb42d56 -> 
  custom:audio-encoder-webm-vorbis: bf7c407c2cedff20999df2af8eb42d56 -> 
========================================================================
Received Import Request.
  Time since last request: 12.850198 seconds.
  path: Assets/Scripts/Manager/UIManager.cs
  artifactKey: Guid(843dd2a55554f134abc10c5d544381f8) Importer(815301076,1909f56bfc062723c751e8b465ee728b)
Start importing Assets/Scripts/Manager/UIManager.cs using Guid(843dd2a55554f134abc10c5d544381f8) Importer(815301076,1909f56bfc062723c751e8b465ee728b)  -> (artifact id: '41dc99c3cadb7c3f97518c8aa1c12696') in 0.008372 seconds 
  Import took 0.013992 seconds .

========================================================================
Received Prepare
Registering precompiled user dll's ...
Registered in 0.002912 seconds.
Begin MonoManager ReloadAssembly
Native extension for WindowsStandalone target not found
Native extension for WebGL target not found
Refreshing native plugins compatible for Editor in 0.50 ms, found 3 plugins.
Preloading 0 native plugins for Editor in 0.00 ms.
Mono: successfully reloaded assembly
- Completed reload, in  1.258 seconds
Domain Reload Profiling:
	ReloadAssembly (1258ms)
		BeginReloadAssembly (126ms)
			ExecutionOrderSort (0ms)
			DisableScriptedObjects (6ms)
			BackupInstance (0ms)
			ReleaseScriptingObjects (0ms)
			CreateAndSetChildDomain (40ms)
		EndReloadAssembly (1057ms)
			LoadAssemblies (91ms)
			RebuildTransferFunctionScriptingTraits (0ms)
			SetupTypeCache (304ms)
			ReleaseScriptCaches (1ms)
			RebuildScriptCaches (42ms)
			SetupLoadedEditorAssemblies (511ms)
				LogAssemblyErrors (0ms)
				InitializePlatformSupportModulesInManaged (5ms)
				SetLoadedEditorAssemblies (0ms)
				RefreshPlugins (1ms)
				BeforeProcessingInitializeOnLoad (253ms)
				ProcessInitializeOnLoadAttributes (243ms)
				ProcessInitializeOnLoadMethodAttributes (5ms)
				AfterProcessingInitializeOnLoad (4ms)
				EditorAssembliesLoaded (0ms)
			ExecutionOrderSort2 (0ms)
			AwakeInstancesAfterBackupRestoration (9ms)
Platform modules already initialized, skipping
Refreshing native plugins compatible for Editor in 1.40 ms, found 3 plugins.
Preloading 0 native plugins for Editor in 0.00 ms.
Unloading 2422 Unused Serialized files (Serialized files now loaded: 0)
System memory in use before: 110.3 MB.
System memory in use after: 110.5 MB.

Unloading 14 unused Assets to reduce memory usage. Loaded Objects now: 2959.
Total: 5.839700 ms (FindLiveObjects: 0.404400 ms CreateObjectMapping: 0.220800 ms MarkObjects: 5.188800 ms  DeleteObjects: 0.024000 ms)

AssetImportParameters requested are different than current active one (requested -> active):
  custom:framework-win-MediaFoundation: 216162199b28c13a410421893ffa2e32 -> 
  custom:video-decoder-ogg-theora: a1e56fd34408186e4bbccfd4996cb3dc -> 
  custom:container-muxer-webm: aa71ff27fc2769a1b78a27578f13a17b -> 
  custom:container-demuxer-webm: 4f35f7cbe854078d1ac9338744f61a02 -> 
  custom:container-demuxer-ogg: 62fdf1f143b41e24485cea50d1cbac27 -> 
  custom:video-encoder-webm-vp8: eb34c28f22e8b96e1ab97ce403110664 -> 
  custom:video-decoder-webm-vp8: 9c59270c3fd7afecdb556c50c9e8de78 -> 
  custom:audio-decoder-ogg-vorbis: bf7c407c2cedff20999df2af8eb42d56 -> 
  custom:audio-encoder-webm-vorbis: bf7c407c2cedff20999df2af8eb42d56 -> 
========================================================================
Received Prepare
Registering precompiled user dll's ...
Registered in 0.003001 seconds.
Begin MonoManager ReloadAssembly
Native extension for WindowsStandalone target not found
Native extension for WebGL target not found
Refreshing native plugins compatible for Editor in 0.53 ms, found 3 plugins.
Preloading 0 native plugins for Editor in 0.00 ms.
Mono: successfully reloaded assembly
- Completed reload, in  1.198 seconds
Domain Reload Profiling:
	ReloadAssembly (1198ms)
		BeginReloadAssembly (115ms)
			ExecutionOrderSort (0ms)
			DisableScriptedObjects (6ms)
			BackupInstance (0ms)
			ReleaseScriptingObjects (0ms)
			CreateAndSetChildDomain (34ms)
		EndReloadAssembly (1024ms)
			LoadAssemblies (82ms)
			RebuildTransferFunctionScriptingTraits (0ms)
			SetupTypeCache (291ms)
			ReleaseScriptCaches (1ms)
			RebuildScriptCaches (52ms)
			SetupLoadedEditorAssemblies (418ms)
				LogAssemblyErrors (0ms)
				InitializePlatformSupportModulesInManaged (7ms)
				SetLoadedEditorAssemblies (1ms)
				RefreshPlugins (1ms)
				BeforeProcessingInitializeOnLoad (94ms)
				ProcessInitializeOnLoadAttributes (306ms)
				ProcessInitializeOnLoadMethodAttributes (5ms)
				AfterProcessingInitializeOnLoad (5ms)
				EditorAssembliesLoaded (0ms)
			ExecutionOrderSort2 (0ms)
			AwakeInstancesAfterBackupRestoration (12ms)
Platform modules already initialized, skipping
Refreshing native plugins compatible for Editor in 0.50 ms, found 3 plugins.
Preloading 0 native plugins for Editor in 0.00 ms.
Unloading 2422 Unused Serialized files (Serialized files now loaded: 0)
System memory in use before: 110.2 MB.
System memory in use after: 110.4 MB.

Unloading 14 unused Assets to reduce memory usage. Loaded Objects now: 2962.
Total: 3.511800 ms (FindLiveObjects: 0.240200 ms CreateObjectMapping: 0.094200 ms MarkObjects: 3.159800 ms  DeleteObjects: 0.016600 ms)

AssetImportParameters requested are different than current active one (requested -> active):
  custom:framework-win-MediaFoundation: 216162199b28c13a410421893ffa2e32 -> 
  custom:video-decoder-ogg-theora: a1e56fd34408186e4bbccfd4996cb3dc -> 
  custom:container-muxer-webm: aa71ff27fc2769a1b78a27578f13a17b -> 
  custom:container-demuxer-webm: 4f35f7cbe854078d1ac9338744f61a02 -> 
  custom:container-demuxer-ogg: 62fdf1f143b41e24485cea50d1cbac27 -> 
  custom:video-encoder-webm-vp8: eb34c28f22e8b96e1ab97ce403110664 -> 
  custom:video-decoder-webm-vp8: 9c59270c3fd7afecdb556c50c9e8de78 -> 
  custom:audio-decoder-ogg-vorbis: bf7c407c2cedff20999df2af8eb42d56 -> 
  custom:audio-encoder-webm-vorbis: bf7c407c2cedff20999df2af8eb42d56 -> 
